<?xml version="1.0" encoding="UTF-8" ?>
<testsuite failures="0" time="0.711" errors="0" skipped="0" tests="12" name="com.hp.es.service.batchEntitlement.BatchxmlConverterTest">
  <properties>
[...]
</properties>
  <testcase time="0" classname="com.hp.es.service.batchEntitlement.BatchxmlConverterTest" name="testWithEntitlementSummaryNoOfferContract"/>
  <testcase time="0" classname="com.hp.es.service.batchEntitlement.BatchxmlConverterTest" name="testFixTring1"/>
  <testcase time="0" classname="com.hp.es.service.batchEntitlement.BatchxmlConverterTest" name="testFixTring2"/>
  <testcase time="0" classname="com.hp.es.service.batchEntitlement.BatchxmlConverterTest" name="testFixTring3"/>
  <testcase time="0" classname="com.hp.es.service.batchEntitlement.BatchxmlConverterTest" name="testFixTring4"/>
  <testcase time="0" classname="com.hp.es.service.batchEntitlement.BatchxmlConverterTest" name="testFixTring5"/>
  <testcase time="0" classname="com.hp.es.service.batchEntitlement.BatchxmlConverterTest" name="testFixTring6"/>
  <testcase time="0" classname="com.hp.es.service.batchEntitlement.BatchxmlConverterTest" name="testFixTring7"/>
  <testcase time="0.04" classname="com.hp.es.service.batchEntitlement.BatchxmlConverterTest" name="testUnMarshallXML1"/>
  <testcase time="0.611" classname="com.hp.es.service.batchEntitlement.BatchxmlConverterTest" name="testUnMarshallXML2"/>
  <testcase time="0.01" classname="com.hp.es.service.batchEntitlement.BatchxmlConverterTest" name="testUnMarshallXML3"/>
  <testcase time="0.05" classname="com.hp.es.service.batchEntitlement.BatchxmlConverterTest" name="testUnMarshallXML4"/>
</testsuite>